> Task :app:buildNative
fcntl()Android NDK: WARNING: APP_PLATFORM android-19 is higher than android:minSdkVersion 1 in D:/Projects/android_vpn/app/src/main/AndroidManifest.xml. NDK binaries will *not* be compatible with devices older than android-19. See https://android.googlesource.com/platform/ndk/+/master/docs/user/common_problems.md for more information.    
: Bad file descriptor
fcntl()[x86_64] SharedLibrary  : libstrongswan.so
: Bad file descriptor
ld: error: undefined symbol: sk_num
>>> referenced by openssl_crl.c:524 (D:/Projects/android_vpn/app/src/main/jni/../../../../strongswan-5.9.2//src/libstrongswan/plugins/openssl\openssl_crl.c:524)
>>>               D:/Projects/android_vpn/app/src/main/obj/local/x86_64/objs/strongswan/plugins/openssl/openssl_crl.o:(openssl_crl_load)
>>> referenced by openssl_crl.c:228 (D:/Projects/android_vpn/app/src/main/jni/../../../../strongswan-5.9.2//src/libstrongswan/plugins/openssl\openssl_crl.c:228)
>>>               D:/Projects/android_vpn/app/src/main/obj/local/x86_64/objs/strongswan/plugins/openssl/openssl_crl.o:(create_enumerator)
>>> referenced by openssl_pkcs12.c:89 (D:/Projects/android_vpn/app/src/main/jni/../../../../strongswan-5.9.2//src/libstrongswan/plugins/openssl\openssl_pkcs12.c:89)
>>>               D:/Projects/android_vpn/app/src/main/obj/local/x86_64/objs/strongswan/plugins/openssl/openssl_pkcs12.o:(openssl_pkcs12_load)
>>> referenced 9 more times

ld: error: undefined symbol: sk_value
>>> referenced by openssl_crl.c:527 (D:/Projects/android_vpn/app/src/main/jni/../../../../strongswan-5.9.2//src/libstrongswan/plugins/openssl\openssl_crl.c:527)
>>>               D:/Projects/android_vpn/app/src/main/obj/local/x86_64/objs/strongswan/plugins/openssl/openssl_crl.o:(openssl_crl_load)
>>> referenced by openssl_crl.c:178 (D:/Projects/android_vpn/app/src/main/jni/../../../../strongswan-5.9.2//src/libstrongswan/plugins/openssl\openssl_crl.c:178)
>>>               D:/Projects/android_vpn/app/src/main/obj/local/x86_64/objs/strongswan/plugins/openssl/openssl_crl.o:(crl_enumerate)
>>> referenced by openssl_pkcs12.c:91 (D:/Projects/android_vpn/app/src/main/jni/../../../../strongswan-5.9.2//src/libstrongswan/plugins/openssl\openssl_pkcs12.c:91)
>>>               D:/Projects/android_vpn/app/src/main/obj/local/x86_64/objs/strongswan/plugins/openssl/openssl_pkcs12.o:(openssl_pkcs12_load)
>>> referenced 7 more times

ld: error: undefined symbol: BN_num_bytes
>>> referenced by openssl_diffie_hellman.c:81 (D:/Projects/android_vpn/app/src/main/jni/../../../../strongswan-5.9.2//src/libstrongswan/plugins/openssl\openssl_diffie_hellman.c:81)
>>>               D:/Projects/android_vpn/app/src/main/obj/local/x86_64/objs/strongswan/plugins/openssl/openssl_diffie_hellman.o:(get_my_public_value)
>>> referenced by openssl_util.c:133 (D:/Projects/android_vpn/app/src/main/jni/../../../../strongswan-5.9.2//src/libstrongswan/plugins/openssl\openssl_util.c:133)
>>>               D:/Projects/android_vpn/app/src/main/obj/local/x86_64/objs/strongswan/plugins/openssl/openssl_util.o:(openssl_bn_cat)
>>> referenced by openssl_util.c:142 (D:/Projects/android_vpn/app/src/main/jni/../../../../strongswan-5.9.2//src/libstrongswan/plugins/openssl\openssl_util.c:142)
>>>               D:/Projects/android_vpn/app/src/main/obj/local/x86_64/objs/strongswan/plugins/openssl/openssl_util.o:(openssl_bn_cat)
>>> referenced 1 more times

ld: error: undefined symbol: EVP_PKEY_assign_EC_KEY
>>> referenced by openssl_ec_diffie_hellman.c:662 (D:/Projects/android_vpn/app/src/main/jni/../../../../strongswan-5.9.2//src/libstrongswan/plugins/openssl\openssl_ec_diffie_hellman.c:662)
>>>               D:/Projects/android_vpn/app/src/main/obj/local/x86_64/objs/strongswan/plugins/openssl/openssl_ec_diffie_hellman.o:(openssl_ec_diffie_hellman_create)

ld: error: undefined symbol: EVP_MD_CTX_create
>>> referenced by openssl_hasher.c:138 (D:/Projects/android_vpn/app/src/main/jni/../../../../strongswan-5.9.2//src/libstrongswan/plugins/openssl\openssl_hasher.c:138)
>>>               D:/Projects/android_vpn/app/src/main/obj/local/x86_64/objs/strongswan/plugins/openssl/openssl_hasher.o:(openssl_hasher_create)
>>> referenced by openssl_rsa_private_key.c:89 (D:/Projects/android_vpn/app/src/main/jni/../../../../strongswan-5.9.2//src/libstrongswan/plugins/openssl\openssl_rsa_private_key.c:89)
>>>               D:/Projects/android_vpn/app/src/main/obj/local/x86_64/objs/strongswan/plugins/openssl/openssl_rsa_private_key.o:(build_signature)
>>> referenced by openssl_rsa_public_key.c:81 (D:/Projects/android_vpn/app/src/main/jni/../../../../strongswan-5.9.2//src/libstrongswan/plugins/openssl\openssl_rsa_public_key.c:81)
>>>               D:/Projects/android_vpn/app/src/main/obj/local/x86_64/objs/strongswan/plugins/openssl/openssl_rsa_public_key.o:(verify_signature)
>>> referenced 1 more times

ld: error: undefined symbol: EVP_MD_CTX_destroy
>>> referenced by openssl_hasher.c:87 (D:/Projects/android_vpn/app/src/main/jni/../../../../strongswan-5.9.2//src/libstrongswan/plugins/openssl\openssl_hasher.c:87)
>>>               D:/Projects/android_vpn/app/src/main/obj/local/x86_64/objs/strongswan/plugins/openssl/openssl_hasher.o:(openssl_hasher_create)
>>> referenced by openssl_hasher.c:87 (D:/Projects/android_vpn/app/src/main/jni/../../../../strongswan-5.9.2//src/libstrongswan/plugins/openssl\openssl_hasher.c:87)
>>>               D:/Projects/android_vpn/app/src/main/obj/local/x86_64/objs/strongswan/plugins/openssl/openssl_hasher.o:(destroy)
>>> referenced by openssl_rsa_private_key.c:126 (D:/Projects/android_vpn/app/src/main/jni/../../../../strongswan-5.9.2//src/libstrongswan/plugins/openssl\openssl_rsa_private_key.c:126)
>>>               D:/Projects/android_vpn/app/src/main/obj/local/x86_64/objs/strongswan/plugins/openssl/openssl_rsa_private_key.o:(build_signature)
>>> referenced 2 more times

ld: error: undefined symbol: HMAC_CTX_init
>>> referenced by openssl_hmac.c:186 (D:/Projects/android_vpn/app/src/main/jni/../../../../strongswan-5.9.2//src/libstrongswan/plugins/openssl\openssl_hmac.c:186)
>>>               D:/Projects/android_vpn/app/src/main/obj/local/x86_64/objs/strongswan/plugins/openssl/openssl_hmac.o:(hmac_create)

ld: error: undefined symbol: HMAC_CTX_cleanup
>>> referenced by openssl_hmac.c:148 (D:/Projects/android_vpn/app/src/main/jni/../../../../strongswan-5.9.2//src/libstrongswan/plugins/openssl\openssl_hmac.c:148)
>>>               D:/Projects/android_vpn/app/src/main/obj/local/x86_64/objs/strongswan/plugins/openssl/openssl_hmac.o:(hmac_create)
>>> referenced by openssl_hmac.c:148 (D:/Projects/android_vpn/app/src/main/jni/../../../../strongswan-5.9.2//src/libstrongswan/plugins/openssl\openssl_hmac.c:148)
>>>               D:/Projects/android_vpn/app/src/main/obj/local/x86_64/objs/strongswan/plugins/openssl/openssl_hmac.o:(destroy)

ld: error: undefined symbol: sk_free
>>> referenced by openssl_pkcs12.c:96 (D:/Projects/android_vpn/app/src/main/jni/../../../../strongswan-5.9.2//src/libstrongswan/plugins/openssl\openssl_pkcs12.c:96)
>>>               D:/Projects/android_vpn/app/src/main/obj/local/x86_64/objs/strongswan/plugins/openssl/openssl_pkcs12.o:(openssl_pkcs12_load)
>>> referenced by openssl_x509.c:820 (D:/Projects/android_vpn/app/src/main/jni/../../../../strongswan-5.9.2//src/libstrongswan/plugins/openssl\openssl_x509.c:820)
>>>               D:/Projects/android_vpn/app/src/main/obj/local/x86_64/objs/strongswan/plugins/openssl/openssl_x509.o:(openssl_parse_crlDistributionPoints)
>>> referenced by openssl_x509.c:867 (D:/Projects/android_vpn/app/src/main/jni/../../../../strongswan-5.9.2//src/libstrongswan/plugins/openssl\openssl_x509.c:867)
>>>               D:/Projects/android_vpn/app/src/main/obj/local/x86_64/objs/strongswan/plugins/openssl/openssl_x509.o:(openssl_x509_load)
>>> referenced 1 more times

ld: error: undefined symbol: CRYPTO_THREADID_set_callback
>>> referenced by openssl_plugin.c:202 (D:/Projects/android_vpn/app/src/main/jni/../../../../strongswan-5.9.2//src/libstrongswan/plugins/openssl\openssl_plugin.c:202)
>>>               D:/Projects/android_vpn/app/src/main/obj/local/x86_64/objs/strongswan/plugins/openssl/openssl_plugin.o:(openssl_plugin_create)

ld: error: undefined symbol: CRYPTO_set_locking_callback
>>> referenced by openssl_plugin.c:207 (D:/Projects/android_vpn/app/src/main/jni/../../../../strongswan-5.9.2//src/libstrongswan/plugins/openssl\openssl_plugin.c:207)
>>>               D:/Projects/android_vpn/app/src/main/obj/local/x86_64/objs/strongswan/plugins/openssl/openssl_plugin.o:(openssl_plugin_create)

ld: error: undefined symbol: CRYPTO_set_dynlock_create_callback
>>> referenced by openssl_plugin.c:209 (D:/Projects/android_vpn/app/src/main/jni/../../../../strongswan-5.9.2//src/libstrongswan/plugins/openssl\openssl_plugin.c:209)
>>>               D:/Projects/android_vpn/app/src/main/obj/local/x86_64/objs/strongswan/plugins/openssl/openssl_plugin.o:(openssl_plugin_create)

ld: error: undefined symbol: CRYPTO_set_dynlock_lock_callback
>>> referenced by openssl_plugin.c:210 (D:/Projects/android_vpn/app/src/main/jni/../../../../strongswan-5.9.2//src/libstrongswan/plugins/openssl\openssl_plugin.c:210)
>>>               D:/Projects/android_vpn/app/src/main/obj/local/x86_64/objs/strongswan/plugins/openssl/openssl_plugin.o:(openssl_plugin_create)

ld: error: undefined symbol: CRYPTO_set_dynlock_destroy_callback
>>> referenced by openssl_plugin.c:211 (D:/Projects/android_vpn/app/src/main/jni/../../../../strongswan-5.9.2//src/libstrongswan/plugins/openssl\openssl_plugin.c:211)
>>>               D:/Projects/android_vpn/app/src/main/obj/local/x86_64/objs/strongswan/plugins/openssl/openssl_plugin.o:(openssl_plugin_create)

ld: error: undefined symbol: CRYPTO_num_locks
>>> referenced by openssl_plugin.c:213 (D:/Projects/android_vpn/app/src/main/jni/../../../../strongswan-5.9.2//src/libstrongswan/plugins/openssl\openssl_plugin.c:213)
>>>               D:/Projects/android_vpn/app/src/main/obj/local/x86_64/objs/strongswan/plugins/openssl/openssl_plugin.o:(openssl_plugin_create)
>>> referenced by openssl_plugin.c:228 (D:/Projects/android_vpn/app/src/main/jni/../../../../strongswan-5.9.2//src/libstrongswan/plugins/openssl\openssl_plugin.c:228)
>>>               D:/Projects/android_vpn/app/src/main/obj/local/x86_64/objs/strongswan/plugins/openssl/openssl_plugin.o:(destroy)

ld: error: undefined symbol: OpenSSL_add_all_algorithms
>>> referenced by openssl_plugin.c:850 (D:/Projects/android_vpn/app/src/main/jni/../../../../strongswan-5.9.2//src/libstrongswan/plugins/openssl\openssl_plugin.c:850)
>>>               D:/Projects/android_vpn/app/src/main/obj/local/x86_64/objs/strongswan/plugins/openssl/openssl_plugin.o:(openssl_plugin_create)

ld: error: undefined symbol: EVP_cleanup
>>> referenced by openssl_plugin.c:790 (D:/Projects/android_vpn/app/src/main/jni/../../../../strongswan-5.9.2//src/libstrongswan/plugins/openssl\openssl_plugin.c:790)
>>>               D:/Projects/android_vpn/app/src/main/obj/local/x86_64/objs/strongswan/plugins/openssl/openssl_plugin.o:(destroy)

ld: error: undefined symbol: CRYPTO_cleanup_all_ex_data
>>> referenced by openssl_plugin.c:794 (D:/Projects/android_vpn/app/src/main/jni/../../../../strongswan-5.9.2//src/libstrongswan/plugins/openssl\openssl_plugin.c:794)
>>>               D:/Projects/android_vpn/app/src/main/obj/local/x86_64/objs/strongswan/plugins/openssl/openssl_plugin.o:(destroy)

ld: error: undefined symbol: ERR_free_strings
>>> referenced by openssl_plugin.c:796 (D:/Projects/android_vpn/app/src/main/jni/../../../../strongswan-5.9.2//src/libstrongswan/plugins/openssl\openssl_plugin.c:796)
>>>               D:/Projects/android_vpn/app/src/main/obj/local/x86_64/objs/strongswan/plugins/openssl/openssl_plugin.o:(destroy)

ld: error: undefined symbol: CRYPTO_THREADID_set_numeric
>>> referenced by openssl_plugin.c:159 (D:/Projects/android_vpn/app/src/main/jni/../../../../strongswan-5.9.2//src/libstrongswan/plugins/openssl\openssl_plugin.c:159)
>>>               D:/Projects/android_vpn/app/src/main/obj/local/x86_64/objs/strongswan/plugins/openssl/openssl_plugin.o:(cleanup_thread)
[arm64-v8a] SharedLibrary  : libstrongswan.so
>>> referenced by openssl_plugin.c:188 (D:/Projects/android_vpn/app/src/main/jni/../../../../strongswan-5.9.2//src/libstrongswan/plugins/openssl\openssl_plugin.c:188)
>>>               D:/Projects/android_vpn/app/src/main/obj/local/x86_64/objs/strongswan/plugins/openssl/openssl_plugin.o:(threadid_function)

ld: error: too many errors emitted, stopping now (use -error-limit=0 to see all errors)
clang++: error: linker command failed with exit code 1 (use -v to see invocation)
make: *** [C:/Users/SathishKumar/AppData/Local/Android/Sdk/ndk-bundle/build//../build/core/build-binary.mk:728: D:/Projects/android_vpn/app/src/main/obj/local/x86_64/libstrongswan.so] Error 1
make: *** Waiting for unfinished jobs....
fcntl(): Bad file descriptor
ld: error: undefined symbol: sk_num
>>> referenced by openssl_crl.c:524 (D:/Projects/android_vpn/app/src/main/jni/../../../../strongswan-5.9.2//src/libstrongswan/plugins/openssl\openssl_crl.c:524)
>>>               D:/Projects/android_vpn/app/src/main/obj/local/arm64-v8a/objs/strongswan/plugins/openssl/openssl_crl.o:(openssl_crl_load)
>>> referenced by openssl_crl.c:228 (D:/Projects/android_vpn/app/src/main/jni/../../../../strongswan-5.9.2//src/libstrongswan/plugins/openssl\openssl_crl.c:228)
>>>               D:/Projects/android_vpn/app/src/main/obj/local/arm64-v8a/objs/strongswan/plugins/openssl/openssl_crl.o:(create_enumerator)
>>> referenced by openssl_pkcs12.c:89 (D:/Projects/android_vpn/app/src/main/jni/../../../../strongswan-5.9.2//src/libstrongswan/plugins/openssl\openssl_pkcs12.c:89)
>>>               D:/Projects/android_vpn/app/src/main/obj/local/arm64-v8a/objs/strongswan/plugins/openssl/openssl_pkcs12.o:(openssl_pkcs12_load)
>>> referenced 9 more times

ld: error: undefined symbol: sk_value
>>> referenced by openssl_crl.c:527 (D:/Projects/android_vpn/app/src/main/jni/../../../../strongswan-5.9.2//src/libstrongswan/plugins/openssl\openssl_crl.c:527)
>>>               D:/Projects/android_vpn/app/src/main/obj/local/arm64-v8a/objs/strongswan/plugins/openssl/openssl_crl.o:(openssl_crl_load)
>>> referenced by openssl_crl.c:178 (D:/Projects/android_vpn/app/src/main/jni/../../../../strongswan-5.9.2//src/libstrongswan/plugins/openssl\openssl_crl.c:178)
>>>               D:/Projects/android_vpn/app/src/main/obj/local/arm64-v8a/objs/strongswan/plugins/openssl/openssl_crl.o:(crl_enumerate)
>>> referenced by openssl_pkcs12.c:91 (D:/Projects/android_vpn/app/src/main/jni/../../../../strongswan-5.9.2//src/libstrongswan/plugins/openssl\openssl_pkcs12.c:91)
>>>               D:/Projects/android_vpn/app/src/main/obj/local/arm64-v8a/objs/strongswan/plugins/openssl/openssl_pkcs12.o:(openssl_pkcs12_load)
>>> referenced 7 more times

ld: error: undefined symbol: BN_num_bytes
>>> referenced by openssl_diffie_hellman.c:81 (D:/Projects/android_vpn/app/src/main/jni/../../../../strongswan-5.9.2//src/libstrongswan/plugins/openssl\openssl_diffie_hellman.c:81)
>>>               D:/Projects/android_vpn/app/src/main/obj/local/arm64-v8a/objs/strongswan/plugins/openssl/openssl_diffie_hellman.o:(get_my_public_value)
>>> referenced by openssl_util.c:133 (D:/Projects/android_vpn/app/src/main/jni/../../../../strongswan-5.9.2//src/libstrongswan/plugins/openssl\openssl_util.c:133)
>>>               D:/Projects/android_vpn/app/src/main/obj/local/arm64-v8a/objs/strongswan/plugins/openssl/openssl_util.o:(openssl_bn_cat)
>>> referenced by openssl_util.c:142 (D:/Projects/android_vpn/app/src/main/jni/../../../../strongswan-5.9.2//src/libstrongswan/plugins/openssl\openssl_util.c:142)
>>>               D:/Projects/android_vpn/app/src/main/obj/local/arm64-v8a/objs/strongswan/plugins/openssl/openssl_util.o:(openssl_bn_cat)
>>> referenced 1 more times

ld: error: undefined symbol: EVP_PKEY_assign_EC_KEY
>>> referenced by openssl_ec_diffie_hellman.c:662 (D:/Projects/android_vpn/app/src/main/jni/../../../../strongswan-5.9.2//src/libstrongswan/plugins/openssl\openssl_ec_diffie_hellman.c:662)
>>>               D:/Projects/android_vpn/app/src/main/obj/local/arm64-v8a/objs/strongswan/plugins/openssl/openssl_ec_diffie_hellman.o:(openssl_ec_diffie_hellman_create)

ld: error: undefined symbol: EVP_MD_CTX_create
>>> referenced by openssl_hasher.c:138 (D:/Projects/android_vpn/app/src/main/jni/../../../../strongswan-5.9.2//src/libstrongswan/plugins/openssl\openssl_hasher.c:138)
>>>               D:/Projects/android_vpn/app/src/main/obj/local/arm64-v8a/objs/strongswan/plugins/openssl/openssl_hasher.o:(openssl_hasher_create)
>>> referenced by openssl_rsa_private_key.c:89 (D:/Projects/android_vpn/app/src/main/jni/../../../../strongswan-5.9.2//src/libstrongswan/plugins/openssl\openssl_rsa_private_key.c:89)
>>>               D:/Projects/android_vpn/app/src/main/obj/local/arm64-v8a/objs/strongswan/plugins/openssl/openssl_rsa_private_key.o:(build_signature)
>>> referenced by openssl_rsa_public_key.c:81 (D:/Projects/android_vpn/app/src/main/jni/../../../../strongswan-5.9.2//src/libstrongswan/plugins/openssl\openssl_rsa_public_key.c:81)
>>>               D:/Projects/android_vpn/app/src/main/obj/local/arm64-v8a/objs/strongswan/plugins/openssl/openssl_rsa_public_key.o:(verify_signature)
>>> referenced 1 more times

ld: error: undefined symbol: EVP_MD_CTX_destroy
>>> referenced by openssl_hasher.c:87 (D:/Projects/android_vpn/app/src/main/jni/../../../../strongswan-5.9.2//src/libstrongswan/plugins/openssl\openssl_hasher.c:87)
>>>               D:/Projects/android_vpn/app/src/main/obj/local/arm64-v8a/objs/strongswan/plugins/openssl/openssl_hasher.o:(openssl_hasher_create)
>>> referenced by openssl_hasher.c:87 (D:/Projects/android_vpn/app/src/main/jni/../../../../strongswan-5.9.2//src/libstrongswan/plugins/openssl\openssl_hasher.c:87)
>>>               D:/Projects/android_vpn/app/src/main/obj/local/arm64-v8a/objs/strongswan/plugins/openssl/openssl_hasher.o:(destroy)
>>> referenced by openssl_rsa_private_key.c:126 (D:/Projects/android_vpn/app/src/main/jni/../../../../strongswan-5.9.2//src/libstrongswan/plugins/openssl\openssl_rsa_private_key.c:126)
>>>               D:/Projects/android_vpn/app/src/main/obj/local/arm64-v8a/objs/strongswan/plugins/openssl/openssl_rsa_private_key.o:(build_signature)
>>> referenced 2 more times

ld: error: undefined symbol: HMAC_CTX_init
>>> referenced by openssl_hmac.c:186 (D:/Projects/android_vpn/app/src/main/jni/../../../../strongswan-5.9.2//src/libstrongswan/plugins/openssl\openssl_hmac.c:186)
>>>               D:/Projects/android_vpn/app/src/main/obj/local/arm64-v8a/objs/strongswan/plugins/openssl/openssl_hmac.o:(hmac_create)

ld: error: undefined symbol: HMAC_CTX_cleanup
>>> referenced by openssl_hmac.c:148 (D:/Projects/android_vpn/app/src/main/jni/../../../../strongswan-5.9.2//src/libstrongswan/plugins/openssl\openssl_hmac.c:148)
>>>               D:/Projects/android_vpn/app/src/main/obj/local/arm64-v8a/objs/strongswan/plugins/openssl/openssl_hmac.o:(hmac_create)
>>> referenced by openssl_hmac.c:148 (D:/Projects/android_vpn/app/src/main/jni/../../../../strongswan-5.9.2//src/libstrongswan/plugins/openssl\openssl_hmac.c:148)
>>>               D:/Projects/android_vpn/app/src/main/obj/local/arm64-v8a/objs/strongswan/plugins/openssl/openssl_hmac.o:(destroy)

ld: error: undefined symbol: sk_free
>>> referenced by openssl_pkcs12.c:96 (D:/Projects/android_vpn/app/src/main/jni/../../../../strongswan-5.9.2//src/libstrongswan/plugins/openssl\openssl_pkcs12.c:96)
>>>               D:/Projects/android_vpn/app/src/main/obj/local/arm64-v8a/objs/strongswan/plugins/openssl/openssl_pkcs12.o:(openssl_pkcs12_load)
>>> referenced by openssl_x509.c:820 (D:/Projects/android_vpn/app/src/main/jni/../../../../strongswan-5.9.2//src/libstrongswan/plugins/openssl\openssl_x509.c:820)
>>>               D:/Projects/android_vpn/app/src/main/obj/local/arm64-v8a/objs/strongswan/plugins/openssl/openssl_x509.o:(openssl_parse_crlDistributionPoints)
>>> referenced by openssl_x509.c:867 (D:/Projects/android_vpn/app/src/main/jni/../../../../strongswan-5.9.2//src/libstrongswan/plugins/openssl\openssl_x509.c:867)
>>>               D:/Projects/android_vpn/app/src/main/obj/local/arm64-v8a/objs/strongswan/plugins/openssl/openssl_x509.o:(openssl_x509_load)
>>> referenced 1 more times

ld: error: undefined symbol: CRYPTO_THREADID_set_callback
>>> referenced by openssl_plugin.c:202 (D:/Projects/android_vpn/app/src/main/jni/../../../../strongswan-5.9.2//src/libstrongswan/plugins/openssl\openssl_plugin.c:202)
>>>               D:/Projects/android_vpn/app/src/main/obj/local/arm64-v8a/objs/strongswan/plugins/openssl/openssl_plugin.o:(openssl_plugin_create)

ld: error: undefined symbol: CRYPTO_set_locking_callback
>>> referenced by openssl_plugin.c:207 (D:/Projects/android_vpn/app/src/main/jni/../../../../strongswan-5.9.2//src/libstrongswan/plugins/openssl\openssl_plugin.c:207)
>>>               D:/Projects/android_vpn/app/src/main/obj/local/arm64-v8a/objs/strongswan/plugins/openssl/openssl_plugin.o:(openssl_plugin_create)
[x86] SharedLibrary  : libstrongswan.so

ld: error: undefined symbol: CRYPTO_set_dynlock_create_callback
>>> referenced by openssl_plugin.c:209 (D:/Projects/android_vpn/app/src/main/jni/../../../../strongswan-5.9.2//src/libstrongswan/plugins/openssl\openssl_plugin.c:209)
>>>               D:/Projects/android_vpn/app/src/main/obj/local/arm64-v8a/objs/strongswan/plugins/openssl/openssl_plugin.o:(openssl_plugin_create)

ld: error: undefined symbol: CRYPTO_set_dynlock_lock_callback
>>> referenced by openssl_plugin.c:210 (D:/Projects/android_vpn/app/src/main/jni/../../../../strongswan-5.9.2//src/libstrongswan/plugins/openssl\openssl_plugin.c:210)
>>>               D:/Projects/android_vpn/app/src/main/obj/local/arm64-v8a/objs/strongswan/plugins/openssl/openssl_plugin.o:(openssl_plugin_create)

ld: error: undefined symbol: CRYPTO_set_dynlock_destroy_callback
>>> referenced by openssl_plugin.c:211 (D:/Projects/android_vpn/app/src/main/jni/../../../../strongswan-5.9.2//src/libstrongswan/plugins/openssl\openssl_plugin.c:211)
>>>               D:/Projects/android_vpn/app/src/main/obj/local/arm64-v8a/objs/strongswan/plugins/openssl/openssl_plugin.o:(openssl_plugin_create)

ld: error: undefined symbol: CRYPTO_num_locks
>>> referenced by openssl_plugin.c:213 (D:/Projects/android_vpn/app/src/main/jni/../../../../strongswan-5.9.2//src/libstrongswan/plugins/openssl\openssl_plugin.c:213)
>>>               D:/Projects/android_vpn/app/src/main/obj/local/arm64-v8a/objs/strongswan/plugins/openssl/openssl_plugin.o:(openssl_plugin_create)
>>> referenced by openssl_plugin.c:228 (D:/Projects/android_vpn/app/src/main/jni/../../../../strongswan-5.9.2//src/libstrongswan/plugins/openssl\openssl_plugin.c:228)
>>>               D:/Projects/android_vpn/app/src/main/obj/local/arm64-v8a/objs/strongswan/plugins/openssl/openssl_plugin.o:(destroy)

ld: error: undefined symbol: OpenSSL_add_all_algorithms
>>> referenced by openssl_plugin.c:850 (D:/Projects/android_vpn/app/src/main/jni/../../../../strongswan-5.9.2//src/libstrongswan/plugins/openssl\openssl_plugin.c:850)
>>>               D:/Projects/android_vpn/app/src/main/obj/local/arm64-v8a/objs/strongswan/plugins/openssl/openssl_plugin.o:(openssl_plugin_create)

ld: error: undefined symbol: EVP_cleanup
>>> referenced by openssl_plugin.c:790 (D:/Projects/android_vpn/app/src/main/jni/../../../../strongswan-5.9.2//src/libstrongswan/plugins/openssl\openssl_plugin.c:790)
>>>               D:/Projects/android_vpn/app/src/main/obj/local/arm64-v8a/objs/strongswan/plugins/openssl/openssl_plugin.o:(destroy)

ld: error: undefined symbol: CRYPTO_cleanup_all_ex_data
>>> referenced by openssl_plugin.c:794 (D:/Projects/android_vpn/app/src/main/jni/../../../../strongswan-5.9.2//src/libstrongswan/plugins/openssl\openssl_plugin.c:794)
>>>               D:/Projects/android_vpn/app/src/main/obj/local/arm64-v8a/objs/strongswan/plugins/openssl/openssl_plugin.o:(destroy)

ld: error: undefined symbol: ERR_free_strings
>>> referenced by openssl_plugin.c:796 (D:/Projects/android_vpn/app/src/main/jni/../../../../strongswan-5.9.2//src/libstrongswan/plugins/openssl\openssl_plugin.c:796)
>>>               D:/Projects/android_vpn/app/src/main/obj/local/arm64-v8a/objs/strongswan/plugins/openssl/openssl_plugin.o:(destroy)

ld: error: undefined symbol: CRYPTO_THREADID_set_numeric
>>> referenced by openssl_plugin.c:159 (D:/Projects/android_vpn/app/src/main/jni/../../../../strongswan-5.9.2//src/libstrongswan/plugins/openssl\openssl_plugin.c:159)
>>>               D:/Projects/android_vpn/app/src/main/obj/local/arm64-v8a/objs/strongswan/plugins/openssl/openssl_plugin.o:(cleanup_thread)
>>> referenced by openssl_plugin.c:188 (D:/Projects/android_vpn/app/src/main/jni/../../../../strongswan-5.9.2//src/libstrongswan/plugins/openssl\openssl_plugin.c:188)
>>>               D:/Projects/android_vpn/app/src/main/obj/local/arm64-v8a/objs/strongswan/plugins/openssl/openssl_plugin.o:(threadid_function)

ld: error: too many errors emitted, stopping now (use -error-limit=0 to see all errors)
clang++: error: linker command failed with exit code 1 (use -v to see invocation)
make: *** [C:/Users/SathishKumar/AppData/Local/Android/Sdk/ndk-bundle/build//../build/core/build-binary.mk:728: D:/Projects/android_vpn/app/src/main/obj/local/arm64-v8a/libstrongswan.so] Error 1
fcntl(): Bad file descriptor
ld: error: undefined symbol: sk_num
>>> referenced by openssl_crl.c:524 (D:/Projects/android_vpn/app/src/main/jni/../../../../strongswan-5.9.2//src/libstrongswan/plugins/openssl\openssl_crl.c:524)
>>>               D:/Projects/android_vpn/app/src/main/obj/local/x86/objs/strongswan/plugins/openssl/openssl_crl.o:(openssl_crl_load)
>>> referenced by openssl_crl.c:228 (D:/Projects/android_vpn/app/src/main/jni/../../../../strongswan-5.9.2//src/libstrongswan/plugins/openssl\openssl_crl.c:228)
>>>               D:/Projects/android_vpn/app/src/main/obj/local/x86/objs/strongswan/plugins/openssl/openssl_crl.o:(create_enumerator)
>>> referenced by openssl_pkcs12.c:89 (D:/Projects/android_vpn/app/src/main/jni/../../../../strongswan-5.9.2//src/libstrongswan/plugins/openssl\openssl_pkcs12.c:89)
>>>               D:/Projects/android_vpn/app/src/main/obj/local/x86/objs/strongswan/plugins/openssl/openssl_pkcs12.o:(openssl_pkcs12_load)
>>> referenced 9 more times

ld: error: undefined symbol: sk_value
>>> referenced by openssl_crl.c:527 (D:/Projects/android_vpn/app/src/main/jni/../../../../strongswan-5.9.2//src/libstrongswan/plugins/openssl\openssl_crl.c:527)
>>>               D:/Projects/android_vpn/app/src/main/obj/local/x86/objs/strongswan/plugins/openssl/openssl_crl.o:(openssl_crl_load)
>>> referenced by openssl_crl.c:178 (D:/Projects/android_vpn/app/src/main/jni/../../../../strongswan-5.9.2//src/libstrongswan/plugins/openssl\openssl_crl.c:178)
>>>               D:/Projects/android_vpn/app/src/main/obj/local/x86/objs/strongswan/plugins/openssl/openssl_crl.o:(crl_enumerate)
>>> referenced by openssl_pkcs12.c:91 (D:/Projects/android_vpn/app/src/main/jni/../../../../strongswan-5.9.2//src/libstrongswan/plugins/openssl\openssl_pkcs12.c:91)
>>>               D:/Projects/android_vpn/app/src/main/obj/local/x86/objs/strongswan/plugins/openssl/openssl_pkcs12.o:(openssl_pkcs12_load)
>>> referenced 7 more times

ld: error: undefined symbol: BN_num_bytes
>>> referenced by openssl_diffie_hellman.c:81 (D:/Projects/android_vpn/app/src/main/jni/../../../../strongswan-5.9.2//src/libstrongswan/plugins/openssl\openssl_diffie_hellman.c:81)
>>>               D:/Projects/android_vpn/app/src/main/obj/local/x86/objs/strongswan/plugins/openssl/openssl_diffie_hellman.o:(get_my_public_value)
>>> referenced by openssl_util.c:133 (D:/Projects/android_vpn/app/src/main/jni/../../../../strongswan-5.9.2//src/libstrongswan/plugins/openssl\openssl_util.c:133)
>>>               D:/Projects/android_vpn/app/src/main/obj/local/x86/objs/strongswan/plugins/openssl/openssl_util.o:(openssl_bn_cat)
>>> referenced by openssl_util.c:142 (D:/Projects/android_vpn/app/src/main/jni/../../../../strongswan-5.9.2//src/libstrongswan/plugins/openssl\openssl_util.c:142)
>>>               D:/Projects/android_vpn/app/src/main/obj/local/x86/objs/strongswan/plugins/openssl/openssl_util.o:(openssl_bn_cat)
>>> referenced 1 more times

ld: error: undefined symbol: EVP_PKEY_assign_EC_KEY
>>> referenced by openssl_ec_diffie_hellman.c:662 (D:/Projects/android_vpn/app/src/main/jni/../../../../strongswan-5.9.2//src/libstrongswan/plugins/openssl\openssl_ec_diffie_hellman.c:662)
>>>               D:/Projects/android_vpn/app/src/main/obj/local/x86/objs/strongswan/plugins/openssl/openssl_ec_diffie_hellman.o:(openssl_ec_diffie_hellman_create)

ld: error: undefined symbol: EVP_MD_CTX_create
>>> referenced by openssl_hasher.c:138 (D:/Projects/android_vpn/app/src/main/jni/../../../../strongswan-5.9.2//src/libstrongswan/plugins/openssl\openssl_hasher.c:138)
>>>               D:/Projects/android_vpn/app/src/main/obj/local/x86/objs/strongswan/plugins/openssl/openssl_hasher.o:(openssl_hasher_create)
>>> referenced by openssl_rsa_private_key.c:89 (D:/Projects/android_vpn/app/src/main/jni/../../../../strongswan-5.9.2//src/libstrongswan/plugins/openssl\openssl_rsa_private_key.c:89)
>>>               D:/Projects/android_vpn/app/src/main/obj/local/x86/objs/strongswan/plugins/openssl/openssl_rsa_private_key.o:(build_signature)
>>> referenced by openssl_rsa_public_key.c:81 (D:/Projects/android_vpn/app/src/main/jni/../../../../strongswan-5.9.2//src/libstrongswan/plugins/openssl\openssl_rsa_public_key.c:81)
>>>               D:/Projects/android_vpn/app/src/main/obj/local/x86/objs/strongswan/plugins/openssl/openssl_rsa_public_key.o:(verify_signature)
>>> referenced 1 more times

ld: error: undefined symbol: EVP_MD_CTX_destroy
>>> referenced by openssl_hasher.c:87 (D:/Projects/android_vpn/app/src/main/jni/../../../../strongswan-5.9.2//src/libstrongswan/plugins/openssl\openssl_hasher.c:87)
>>>               D:/Projects/android_vpn/app/src/main/obj/local/x86/objs/strongswan/plugins/openssl/openssl_hasher.o:(openssl_hasher_create)
>>> referenced by openssl_hasher.c:87 (D:/Projects/android_vpn/app/src/main/jni/../../../../strongswan-5.9.2//src/libstrongswan/plugins/openssl\openssl_hasher.c:87)
>>>               D:/Projects/android_vpn/app/src/main/obj/local/x86/objs/strongswan/plugins/openssl/openssl_hasher.o:(destroy)
>>> referenced by openssl_rsa_private_key.c:126 (D:/Projects/android_vpn/app/src/main/jni/../../../../strongswan-5.9.2//src/libstrongswan/plugins/openssl\openssl_rsa_private_key.c:126)
>>>               D:/Projects/android_vpn/app/src/main/obj/local/x86/objs/strongswan/plugins/openssl/openssl_rsa_private_key.o:(build_signature)
>>> referenced 2 more times

ld: error: undefined symbol: HMAC_CTX_init
>>> referenced by openssl_hmac.c:186 (D:/Projects/android_vpn/app/src/main/jni/../../../../strongswan-5.9.2//src/libstrongswan/plugins/openssl\openssl_hmac.c:186)
>>>               D:/Projects/android_vpn/app/src/main/obj/local/x86/objs/strongswan/plugins/openssl/openssl_hmac.o:(hmac_create)

ld: error: undefined symbol: HMAC_CTX_cleanup
>>> referenced by openssl_hmac.c:148 (D:/Projects/android_vpn/app/src/main/jni/../../../../strongswan-5.9.2//src/libstrongswan/plugins/openssl\openssl_hmac.c:148)
>>>               D:/Projects/android_vpn/app/src/main/obj/local/x86/objs/strongswan/plugins/openssl/openssl_hmac.o:(hmac_create)
>>> referenced by openssl_hmac.c:148 (D:/Projects/android_vpn/app/src/main/jni/../../../../strongswan-5.9.2//src/libstrongswan/plugins/openssl\openssl_hmac.c:148)
>>>               D:/Projects/android_vpn/app/src/main/obj/local/x86/objs/strongswan/plugins/openssl/openssl_hmac.o:(destroy)

ld: error: undefined symbol: sk_free
>>> referenced by openssl_pkcs12.c:96 (D:/Projects/android_vpn/app/src/main/jni/../../../../strongswan-5.9.2//src/libstrongswan/plugins/openssl\openssl_pkcs12.c:96)
>>>               D:/Projects/android_vpn/app/src/main/obj/local/x86/objs/strongswan/plugins/openssl/openssl_pkcs12.o:(openssl_pkcs12_load)
>>> referenced by openssl_x509.c:820 (D:/Projects/android_vpn/app/src/main/jni/../../../../strongswan-5.9.2//src/libstrongswan/plugins/openssl\openssl_x509.c:820)
>>>               D:/Projects/android_vpn/app/src/main/obj/local/x86/objs/strongswan/plugins/openssl/openssl_x509.o:(openssl_parse_crlDistributionPoints)
>>> referenced by openssl_x509.c:867 (D:/Projects/android_vpn/app/src/main/jni/../../../../strongswan-5.9.2//src/libstrongswan/plugins/openssl\openssl_x509.c:867)
>>>               D:/Projects/android_vpn/app/src/main/obj/local/x86/objs/strongswan/plugins/openssl/openssl_x509.o:(openssl_x509_load)
>>> referenced 1 more times

ld: error: undefined symbol: CRYPTO_THREADID_set_callback
>>> referenced by openssl_plugin.c:202 (D:/Projects/android_vpn/app/src/main/jni/../../../../strongswan-5.9.2//src/libstrongswan/plugins/openssl\openssl_plugin.c:202)
>>>               D:/Projects/android_vpn/app/src/main/obj/local/x86/objs/strongswan/plugins/openssl/openssl_plugin.o:(openssl_plugin_create)

ld: error: undefined symbol: CRYPTO_set_locking_callback
>>> referenced by openssl_plugin.c:207 (D:/Projects/android_vpn/app/src/main/jni/../../../../strongswan-5.9.2//src/libstrongswan/plugins/openssl\openssl_plugin.c:207)
>>>               D:/Projects/android_vpn/app/src/main/obj/local/x86/objs/strongswan/plugins/openssl/openssl_plugin.o:(openssl_plugin_create)

ld: error: undefined symbol: CRYPTO_set_dynlock_create_callback
>>> referenced by openssl_plugin.c:209 (D:/Projects/android_vpn/app/src/main/jni/../../../../strongswan-5.9.2//src/libstrongswan/plugins/openssl\openssl_plugin.c:209)
>>>               D:/Projects/android_vpn/app/src/main/obj/local/x86/objs/strongswan/plugins/openssl/openssl_plugin.o:(openssl_plugin_create)

ld: error: undefined symbol: CRYPTO_set_dynlock_lock_callback
>>> referenced by openssl_plugin.c:210 (D:/Projects/android_vpn/app/src/main/jni/../../../../strongswan-5.9.2//src/libstrongswan/plugins/openssl\openssl_plugin.c:210)
>>>               D:/Projects/android_vpn/app/src/main/obj/local/x86/objs/strongswan/plugins/openssl/openssl_plugin.o:(openssl_plugin_create)

ld: error: undefined symbol: CRYPTO_set_dynlock_destroy_callback
>>> referenced by openssl_plugin.c:211 (D:/Projects/android_vpn/app/src/main/jni/../../../../strongswan-5.9.2//src/libstrongswan/plugins/openssl\openssl_plugin.c:211)
>>>               D:/Projects/android_vpn/app/src/main/obj/local/x86/objs/strongswan/plugins/openssl/openssl_plugin.o:(openssl_plugin_create)

ld: error: undefined symbol: CRYPTO_num_locks
>>> referenced by openssl_plugin.c:213 (D:/Projects/android_vpn/app/src/main/jni/../../../../strongswan-5.9.2//src/libstrongswan/plugins/openssl\openssl_plugin.c:213)
>>>               D:/Projects/android_vpn/app/src/main/obj/local/x86/objs/strongswan/plugins/openssl/openssl_plugin.o:(openssl_plugin_create)
>>> referenced by openssl_plugin.c:228 (D:/Projects/android_vpn/app/src/main/jni/../../../../strongswan-5.9.2//src/libstrongswan/plugins/openssl\openssl_plugin.c:228)
>>>               D:/Projects/android_vpn/app/src/main/obj/local/x86/objs/strongswan/plugins/openssl/openssl_plugin.o:(destroy)

ld: error: undefined symbol: OpenSSL_add_all_algorithms
>>> referenced by openssl_plugin.c:850 (D:/Projects/android_vpn/app/src/main/jni/../../../../strongswan-5.9.2//src/libstrongswan/plugins/openssl\openssl_plugin.c:850)
>>>               D:/Projects/android_vpn/app/src/main/obj/local/x86/objs/strongswan/plugins/openssl/openssl_plugin.o:(openssl_plugin_create)

ld: error: undefined symbol: EVP_cleanup
>>> referenced by openssl_plugin.c:790 (D:/Projects/android_vpn/app/src/main/jni/../../../../strongswan-5.9.2//src/libstrongswan/plugins/openssl\openssl_plugin.c:790)
>>>               D:/Projects/android_vpn/app/src/main/obj/local/x86/objs/strongswan/plugins/openssl/openssl_plugin.o:(destroy)

ld: error: undefined symbol: CRYPTO_cleanup_all_ex_data
>>> referenced by openssl_plugin.c:794 (D:/Projects/android_vpn/app/src/main/jni/../../../../strongswan-5.9.2//src/libstrongswan/plugins/openssl\openssl_plugin.c:794)
>>>               D:/Projects/android_vpn/app/src/main/obj/local/x86/objs/strongswan/plugins/openssl/openssl_plugin.o:(destroy)

ld: error: undefined symbol: ERR_free_strings
>>> referenced by openssl_plugin.c:796 (D:/Projects/android_vpn/app/src/main/jni/../../../../strongswan-5.9.2//src/libstrongswan/plugins/openssl\openssl_plugin.c:796)
>>>               D:/Projects/android_vpn/app/src/main/obj/local/x86/objs/strongswan/plugins/openssl/openssl_plugin.o:(destroy)

ld: error: undefined symbol: CRYPTO_THREADID_set_numeric
>>> referenced by openssl_plugin.c:159 (D:/Projects/android_vpn/app/src/main/jni/../../../../strongswan-5.9.2//src/libstrongswan/plugins/openssl\openssl_plugin.c:159)
>>>               D:/Projects/android_vpn/app/src/main/obj/local/x86/objs/strongswan/plugins/openssl/openssl_plugin.o:(cleanup_thread)
>>> referenced by openssl_plugin.c:188 (D:/Projects/android_vpn/app/src/main/jni/../../../../strongswan-5.9.2//src/libstrongswan/plugins/openssl\openssl_plugin.c:188)
>>>               D:/Projects/android_vpn/app/src/main/obj/local/x86/objs/strongswan/plugins/openssl/openssl_plugin.o:(threadid_function)

ld: error: too many errors emitted, stopping now (use -error-limit=0 to see all errors)
clang++: error: linker command failed with exit code 1 (use -v to see invocation)
make: *** [C:/Users/SathishKumar/AppData/Local/Android/Sdk/ndk-bundle/build//../build/core/build-binary.mk:728: D:/Projects/android_vpn/app/src/main/obj/local/x86/libstrongswan.so] Error 1
fcntl()[armeabi-v7a] SharedLibrary  : libstrongswan.so
: Bad file descriptor
ld: error: undefined symbol: sk_num
>>> referenced by openssl_crl.c:524 (D:/Projects/android_vpn/app/src/main/jni/../../../../strongswan-5.9.2//src/libstrongswan/plugins/openssl\openssl_crl.c:524)
>>>               D:/Projects/android_vpn/app/src/main/obj/local/armeabi-v7a/objs/strongswan/plugins/openssl/openssl_crl.o:(openssl_crl_load)
>>> referenced by openssl_crl.c:228 (D:/Projects/android_vpn/app/src/main/jni/../../../../strongswan-5.9.2//src/libstrongswan/plugins/openssl\openssl_crl.c:228)
>>>               D:/Projects/android_vpn/app/src/main/obj/local/armeabi-v7a/objs/strongswan/plugins/openssl/openssl_crl.o:(create_enumerator)
>>> referenced by openssl_pkcs12.c:89 (D:/Projects/android_vpn/app/src/main/jni/../../../../strongswan-5.9.2//src/libstrongswan/plugins/openssl\openssl_pkcs12.c:89)
>>>               D:/Projects/android_vpn/app/src/main/obj/local/armeabi-v7a/objs/strongswan/plugins/openssl/openssl_pkcs12.o:(openssl_pkcs12_load)
>>> referenced 9 more times

ld: error: undefined symbol: sk_value
>>> referenced by openssl_crl.c:527 (D:/Projects/android_vpn/app/src/main/jni/../../../../strongswan-5.9.2//src/libstrongswan/plugins/openssl\openssl_crl.c:527)
>>>               D:/Projects/android_vpn/app/src/main/obj/local/armeabi-v7a/objs/strongswan/plugins/openssl/openssl_crl.o:(openssl_crl_load)
>>> referenced by openssl_crl.c:178 (D:/Projects/android_vpn/app/src/main/jni/../../../../strongswan-5.9.2//src/libstrongswan/plugins/openssl\openssl_crl.c:178)
>>>               D:/Projects/android_vpn/app/src/main/obj/local/armeabi-v7a/objs/strongswan/plugins/openssl/openssl_crl.o:(crl_enumerate)
>>> referenced by openssl_pkcs12.c:91 (D:/Projects/android_vpn/app/src/main/jni/../../../../strongswan-5.9.2//src/libstrongswan/plugins/openssl\openssl_pkcs12.c:91)
>>>               D:/Projects/android_vpn/app/src/main/obj/local/armeabi-v7a/objs/strongswan/plugins/openssl/openssl_pkcs12.o:(openssl_pkcs12_load)
>>> referenced 7 more times

ld: error: undefined symbol: BN_num_bytes
>>> referenced by openssl_diffie_hellman.c:81 (D:/Projects/android_vpn/app/src/main/jni/../../../../strongswan-5.9.2//src/libstrongswan/plugins/openssl\openssl_diffie_hellman.c:81)
>>>               D:/Projects/android_vpn/app/src/main/obj/local/armeabi-v7a/objs/strongswan/plugins/openssl/openssl_diffie_hellman.o:(get_my_public_value)
>>> referenced by openssl_util.c:133 (D:/Projects/android_vpn/app/src/main/jni/../../../../strongswan-5.9.2//src/libstrongswan/plugins/openssl\openssl_util.c:133)
>>>               D:/Projects/android_vpn/app/src/main/obj/local/armeabi-v7a/objs/strongswan/plugins/openssl/openssl_util.o:(openssl_bn_cat)
>>> referenced by openssl_util.c:142 (D:/Projects/android_vpn/app/src/main/jni/../../../../strongswan-5.9.2//src/libstrongswan/plugins/openssl\openssl_util.c:142)
>>>               D:/Projects/android_vpn/app/src/main/obj/local/armeabi-v7a/objs/strongswan/plugins/openssl/openssl_util.o:(openssl_bn_cat)
>>> referenced 1 more times

ld: error: undefined symbol: EVP_PKEY_assign_EC_KEY
>>> referenced by openssl_ec_diffie_hellman.c:662 (D:/Projects/android_vpn/app/src/main/jni/../../../../strongswan-5.9.2//src/libstrongswan/plugins/openssl\openssl_ec_diffie_hellman.c:662)
>>>               D:/Projects/android_vpn/app/src/main/obj/local/armeabi-v7a/objs/strongswan/plugins/openssl/openssl_ec_diffie_hellman.o:(openssl_ec_diffie_hellman_create)

ld: error: undefined symbol: EVP_MD_CTX_create
>>> referenced by openssl_hasher.c:138 (D:/Projects/android_vpn/app/src/main/jni/../../../../strongswan-5.9.2//src/libstrongswan/plugins/openssl\openssl_hasher.c:138)
>>>               D:/Projects/android_vpn/app/src/main/obj/local/armeabi-v7a/objs/strongswan/plugins/openssl/openssl_hasher.o:(openssl_hasher_create)
>>> referenced by openssl_rsa_private_key.c:89 (D:/Projects/android_vpn/app/src/main/jni/../../../../strongswan-5.9.2//src/libstrongswan/plugins/openssl\openssl_rsa_private_key.c:89)
>>>               D:/Projects/android_vpn/app/src/main/obj/local/armeabi-v7a/objs/strongswan/plugins/openssl/openssl_rsa_private_key.o:(build_signature)
>>> referenced by openssl_rsa_public_key.c:81 (D:/Projects/android_vpn/app/src/main/jni/../../../../strongswan-5.9.2//src/libstrongswan/plugins/openssl\openssl_rsa_public_key.c:81)
>>>               D:/Projects/android_vpn/app/src/main/obj/local/armeabi-v7a/objs/strongswan/plugins/openssl/openssl_rsa_public_key.o:(verify_signature)
>>> referenced 1 more times

ld: error: undefined symbol: EVP_MD_CTX_destroy
>>> referenced by openssl_hasher.c:87 (D:/Projects/android_vpn/app/src/main/jni/../../../../strongswan-5.9.2//src/libstrongswan/plugins/openssl\openssl_hasher.c:87)
>>>               D:/Projects/android_vpn/app/src/main/obj/local/armeabi-v7a/objs/strongswan/plugins/openssl/openssl_hasher.o:(openssl_hasher_create)
>>> referenced by openssl_hasher.c:87 (D:/Projects/android_vpn/app/src/main/jni/../../../../strongswan-5.9.2//src/libstrongswan/plugins/openssl\openssl_hasher.c:87)
>>>               D:/Projects/android_vpn/app/src/main/obj/local/armeabi-v7a/objs/strongswan/plugins/openssl/openssl_hasher.o:(destroy)
>>> referenced by openssl_rsa_private_key.c:126 (D:/Projects/android_vpn/app/src/main/jni/../../../../strongswan-5.9.2//src/libstrongswan/plugins/openssl\openssl_rsa_private_key.c:126)
>>>               D:/Projects/android_vpn/app/src/main/obj/local/armeabi-v7a/objs/strongswan/plugins/openssl/openssl_rsa_private_key.o:(build_signature)
>>> referenced 2 more times

ld: error: undefined symbol: HMAC_CTX_init
>>> referenced by openssl_hmac.c:186 (D:/Projects/android_vpn/app/src/main/jni/../../../../strongswan-5.9.2//src/libstrongswan/plugins/openssl\openssl_hmac.c:186)
>>>               D:/Projects/android_vpn/app/src/main/obj/local/armeabi-v7a/objs/strongswan/plugins/openssl/openssl_hmac.o:(hmac_create)

ld: error: undefined symbol: HMAC_CTX_cleanup
>>> referenced by openssl_hmac.c:148 (D:/Projects/android_vpn/app/src/main/jni/../../../../strongswan-5.9.2//src/libstrongswan/plugins/openssl\openssl_hmac.c:148)
>>>               D:/Projects/android_vpn/app/src/main/obj/local/armeabi-v7a/objs/strongswan/plugins/openssl/openssl_hmac.o:(hmac_create)
>>> referenced by openssl_hmac.c:148 (D:/Projects/android_vpn/app/src/main/jni/../../../../strongswan-5.9.2//src/libstrongswan/plugins/openssl\openssl_hmac.c:148)
>>>               D:/Projects/android_vpn/app/src/main/obj/local/armeabi-v7a/objs/strongswan/plugins/openssl/openssl_hmac.o:(destroy)

ld: error: undefined symbol: sk_free
>>> referenced by openssl_pkcs12.c:96 (D:/Projects/android_vpn/app/src/main/jni/../../../../strongswan-5.9.2//src/libstrongswan/plugins/openssl\openssl_pkcs12.c:96)
>>>               D:/Projects/android_vpn/app/src/main/obj/local/armeabi-v7a/objs/strongswan/plugins/openssl/openssl_pkcs12.o:(openssl_pkcs12_load)
>>> referenced by openssl_x509.c:820 (D:/Projects/android_vpn/app/src/main/jni/../../../../strongswan-5.9.2//src/libstrongswan/plugins/openssl\openssl_x509.c:820)
>>>               D:/Projects/android_vpn/app/src/main/obj/local/armeabi-v7a/objs/strongswan/plugins/openssl/openssl_x509.o:(openssl_parse_crlDistributionPoints)
>>> referenced by openssl_x509.c:867 (D:/Projects/android_vpn/app/src/main/jni/../../../../strongswan-5.9.2//src/libstrongswan/plugins/openssl\openssl_x509.c:867)
>>>               D:/Projects/android_vpn/app/src/main/obj/local/armeabi-v7a/objs/strongswan/plugins/openssl/openssl_x509.o:(openssl_x509_load)
>>> referenced 1 more times

ld: error: undefined symbol: CRYPTO_THREADID_set_callback
>>> referenced by openssl_plugin.c:202 (D:/Projects/android_vpn/app/src/main/jni/../../../../strongswan-5.9.2//src/libstrongswan/plugins/openssl\openssl_plugin.c:202)
>>>               D:/Projects/android_vpn/app/src/main/obj/local/armeabi-v7a/objs/strongswan/plugins/openssl/openssl_plugin.o:(openssl_plugin_create)

ld: error: undefined symbol: CRYPTO_set_locking_callback
>>> referenced by openssl_plugin.c:207 (D:/Projects/android_vpn/app/src/main/jni/../../../../strongswan-5.9.2//src/libstrongswan/plugins/openssl\openssl_plugin.c:207)
>>>               D:/Projects/android_vpn/app/src/main/obj/local/armeabi-v7a/objs/strongswan/plugins/openssl/openssl_plugin.o:(openssl_plugin_create)

ld: error: undefined symbol: CRYPTO_set_dynlock_create_callback
>>> referenced by openssl_plugin.c:209 (D:/Projects/android_vpn/app/src/main/jni/../../../../strongswan-5.9.2//src/libstrongswan/plugins/openssl\openssl_plugin.c:209)
>>>               D:/Projects/android_vpn/app/src/main/obj/local/armeabi-v7a/objs/strongswan/plugins/openssl/openssl_plugin.o:(openssl_plugin_create)

ld: error: undefined symbol: CRYPTO_set_dynlock_lock_callback
>>> referenced by openssl_plugin.c:210 (D:/Projects/android_vpn/app/src/main/jni/../../../../strongswan-5.9.2//src/libstrongswan/plugins/openssl\openssl_plugin.c:210)
>>>               D:/Projects/android_vpn/app/src/main/obj/local/armeabi-v7a/objs/strongswan/plugins/openssl/openssl_plugin.o:(openssl_plugin_create)

ld: error: undefined symbol: CRYPTO_set_dynlock_destroy_callback
>>> referenced by openssl_plugin.c:211 (D:/Projects/android_vpn/app/src/main/jni/../../../../strongswan-5.9.2//src/libstrongswan/plugins/openssl\openssl_plugin.c:211)
>>>               D:/Projects/android_vpn/app/src/main/obj/local/armeabi-v7a/objs/strongswan/plugins/openssl/openssl_plugin.o:(openssl_plugin_create)

ld: error: undefined symbol: CRYPTO_num_locks
>>> referenced by openssl_plugin.c:213 (D:/Projects/android_vpn/app/src/main/jni/../../../../strongswan-5.9.2//src/libstrongswan/plugins/openssl\openssl_plugin.c:213)
>>>               D:/Projects/android_vpn/app/src/main/obj/local/armeabi-v7a/objs/strongswan/plugins/openssl/openssl_plugin.o:(openssl_plugin_create)
>>> referenced by openssl_plugin.c:228 (D:/Projects/android_vpn/app/src/main/jni/../../../../strongswan-5.9.2//src/libstrongswan/plugins/openssl\openssl_plugin.c:228)
>>>               D:/Projects/android_vpn/app/src/main/obj/local/armeabi-v7a/objs/strongswan/plugins/openssl/openssl_plugin.o:(destroy)

ld: error: undefined symbol: OpenSSL_add_all_algorithms
>>> referenced by openssl_plugin.c:850 (D:/Projects/android_vpn/app/src/main/jni/../../../../strongswan-5.9.2//src/libstrongswan/plugins/openssl\openssl_plugin.c:850)
>>>               D:/Projects/android_vpn/app/src/main/obj/local/armeabi-v7a/objs/strongswan/plugins/openssl/openssl_plugin.o:(openssl_plugin_create)

ld: error: undefined symbol: EVP_cleanup
>>> referenced by openssl_plugin.c:790 (D:/Projects/android_vpn/app/src/main/jni/../../../../strongswan-5.9.2//src/libstrongswan/plugins/openssl\openssl_plugin.c:790)
>>>               D:/Projects/android_vpn/app/src/main/obj/local/armeabi-v7a/objs/strongswan/plugins/openssl/openssl_plugin.o:(destroy)

ld: error: undefined symbol: CRYPTO_cleanup_all_ex_data
>>> referenced by openssl_plugin.c:794 (D:/Projects/android_vpn/app/src/main/jni/../../../../strongswan-5.9.2//src/libstrongswan/plugins/openssl\openssl_plugin.c:794)
>>>               D:/Projects/android_vpn/app/src/main/obj/local/armeabi-v7a/objs/strongswan/plugins/openssl/openssl_plugin.o:(destroy)

ld: error: undefined symbol: ERR_free_strings
>>> referenced by openssl_plugin.c:796 (D:/Projects/android_vpn/app/src/main/jni/../../../../strongswan-5.9.2//src/libstrongswan/plugins/openssl\openssl_plugin.c:796)
>>>               D:/Projects/android_vpn/app/src/main/obj/local/armeabi-v7a/objs/strongswan/plugins/openssl/openssl_plugin.o:(destroy)

ld: error: undefined symbol: CRYPTO_THREADID_set_numeric
>>> referenced by openssl_plugin.c:159 (D:/Projects/android_vpn/app/src/main/jni/../../../../strongswan-5.9.2//src/libstrongswan/plugins/openssl\openssl_plugin.c:159)
>>>               D:/Projects/android_vpn/app/src/main/obj/local/armeabi-v7a/objs/strongswan/plugins/openssl/openssl_plugin.o:(cleanup_thread)
>>> referenced by openssl_plugin.c:188 (D:/Projects/android_vpn/app/src/main/jni/../../../../strongswan-5.9.2//src/libstrongswan/plugins/openssl\openssl_plugin.c:188)
>>>               D:/Projects/android_vpn/app/src/main/obj/local/armeabi-v7a/objs/strongswan/plugins/openssl/openssl_plugin.o:(threadid_function)

ld: error: too many errors emitted, stopping now (use -error-limit=0 to see all errors)
clang++: error: linker command failed with exit code 1 (use -v to see invocation)
make: *** [C:/Users/SathishKumar/AppData/Local/Android/Sdk/ndk-bundle/build//../build/core/build-binary.mk:728: D:/Projects/android_vpn/app/src/main/obj/local/armeabi-v7a/libstrongswan.so] Error 1

> Task :app:buildNative FAILED

Execution failed for task ':app:buildNative'.
> Process 'command 'C:\Users\SathishKumar\AppData\Local\Android\Sdk\ndk-bundle/build/ndk-build.cmd'' finished with non-zero exit value 2

* Try:
Run with --stacktrace option to get the stack trace. Run with --info or --debug option to get more log output. Run with --scan to get full insights.


